Start testing: Nov 09 21:03 MSK
----------------------------------------------------------
1/1 Testing: output_test
1/1 Test: output_test
Command: "/home/artem/Рабочий стол/ФОРМАЛКИ/Practicum_1/tests/tests_build/CoverageForGoogleTests"
Directory: /home/artem/Рабочий стол/ФОРМАЛКИ/Practicum_1/tests/tests_build
"output_test" start time: Nov 09 21:03 MSK
Output:
----------------------------------------------------------
[==========] Running 6 tests from 1 test case.
[----------] Global test environment set-up.
[----------] 6 tests from Handler_Tests
[ RUN      ] Handler_Tests.Check_YES_Answer
[       OK ] Handler_Tests.Check_YES_Answer (0 ms)
[ RUN      ] Handler_Tests.NO_Answer
[       OK ] Handler_Tests.NO_Answer (0 ms)
[ RUN      ] Handler_Tests.Stack_Non_Empty_ERROR_Answer
[       OK ] Handler_Tests.Stack_Non_Empty_ERROR_Answer (0 ms)
[ RUN      ] Handler_Tests.Klini_Stack_Empty_ERROR_Answer
[       OK ] Handler_Tests.Klini_Stack_Empty_ERROR_Answer (0 ms)
[ RUN      ] Handler_Tests.Plus_Stack_Empty_ERROR_Answer
[       OK ] Handler_Tests.Plus_Stack_Empty_ERROR_Answer (0 ms)
[ RUN      ] Handler_Tests.Dot_Stack_Empty_ERROR_Answer
[       OK ] Handler_Tests.Dot_Stack_Empty_ERROR_Answer (0 ms)
[----------] 6 tests from Handler_Tests (0 ms total)

[----------] Global test environment tear-down
[==========] 6 tests from 1 test case ran. (0 ms total)
[  PASSED  ] 6 tests.
<end of output>
Test time =   0.01 sec
----------------------------------------------------------
Test Passed.
"output_test" end time: Nov 09 21:03 MSK
"output_test" time elapsed: 00:00:00
----------------------------------------------------------

End testing: Nov 09 21:03 MSK
